Arguments: 
  C:\Program Files\nodejs\node.exe C:\Users\dattd3\AppData\Roaming\npm\node_modules\yarn\bin\yarn.js add cheerio

PATH: 
  C:\Users\dattd3\bin;C:\Users\dattd3\AppData\Local\Programs\Git\mingw64\bin;C:\Users\dattd3\AppData\Local\Programs\Git\usr\local\bin;C:\Users\dattd3\AppData\Local\Programs\Git\usr\bin;C:\Users\dattd3\AppData\Local\Programs\Git\usr\bin;C:\Users\dattd3\AppData\Local\Programs\Git\mingw64\bin;C:\Users\dattd3\AppData\Local\Programs\Git\usr\bin;C:\Users\dattd3\bin;C:\Program Files\Common Files\Oracle\Java\javapath;C:\WINDOWS\system32;C:\WINDOWS;C:\WINDOWS\System32\Wbem;C:\WINDOWS\System32\WindowsPowerShell\v1.0;C:\WINDOWS\System32\OpenSSH;C:\ProgramData\chocolatey\bin;C:\Program Files\Java\jdk-11.0.16;C:\Program Files\Calibre2;C:\Program Files\MongoDB\Server\6.0\bin;C:\Program Files\nodejs;E:\Python27;C:\Users\dattd3\AppData\Local\Programs\Python\Python310\Scripts;C:\Users\dattd3\AppData\Local\Programs\Python\Python310;C:\Users\dattd3\scoop\shims;C:\Users\dattd3\AppData\Local\Microsoft\WindowsApps;C:\Users\dattd3\AppData\Local\Programs\Microsoft VS Code\bin;C:\Users\dattd3\AppData\Local\Android\Sdk\platform-tools;C:\Users\Administrator\AppData\Roaming\nvm;C:\Program Files\nodejs;C:\Users\dattd3\AppData\Local\Programs\Git\cmd;E:\xampp\php;C:\Users\dattd3\AppData\Local\ComposerSetup\bin;C:\Users\dattd3\AppData\Roaming\Composer\vendor\bin;C:\Users\dattd3\AppData\Local\Microsoft\WindowsApps;C:\Users\dattd3\AppData\Roaming\npm;C:\Users\dattd3\AppData\Local\Programs\Git\usr\bin\vendor_perl;C:\Users\dattd3\AppData\Local\Programs\Git\usr\bin\core_perl

Yarn version: 
  1.22.19

Node version: 
  16.13.1

Platform: 
  win32 x64

Trace: 
  Error: https://registry.yarnpkg.com/nodemon/-/nodemon-2.0.20.tgz: Request failed "403 Forbidden"
      at ResponseError.ExtendableBuiltin (C:\Users\dattd3\AppData\Roaming\npm\node_modules\yarn\lib\cli.js:696:66)
      at new ResponseError (C:\Users\dattd3\AppData\Roaming\npm\node_modules\yarn\lib\cli.js:802:124)
      at Request.<anonymous> (C:\Users\dattd3\AppData\Roaming\npm\node_modules\yarn\lib\cli.js:66215:16)
      at Request.emit (node:events:390:28)
      at Request.module.exports.Request.onRequestResponse (C:\Users\dattd3\AppData\Roaming\npm\node_modules\yarn\lib\cli.js:141767:10)
      at ClientRequest.emit (node:events:390:28)
      at HTTPParser.parserOnIncomingClient (node:_http_client:623:27)
      at HTTPParser.parserOnHeadersComplete (node:_http_common:128:17)
      at HTTPParser.execute (<anonymous>)
      at TLSSocket.socketOnData (node:_http_client:487:22)

npm manifest: 
  {
    "name": "roadmap-sh-node",
    "version": "1.0.0",
    "description": "",
    "type": "module",
    "main": "index.js",
    "scripts": {
      "start": "./node_modules/nodemon/bin/nodemon.js index.js",
      "server": "./node_modules/nodemon/bin/nodemon.js server.js",
      "pirsma:start": "npx prisma migrate dev --name init",
      "test": "echo \"Error: no test specified\" && exit 1"
    },
    "keywords": [],
    "author": "",
    "license": "ISC",
    "devDependencies": {
      "@swc/cli": "^0.1.62",
      "@swc/core": "^1.3.35",
      "@types/node": "^18.13.0",
      "@typescript-eslint/eslint-plugin": "^5.52.0",
      "@typescript-eslint/parser": "^5.52.0",
      "eslint": "^8.34.0",
      "eslint-plugin-react": "^7.32.2",
      "express-generator": "^4.16.1",
      "nodemon": "^2.0.20",
      "parcel": "^2.8.3",
      "prisma": "^4.10.1",
      "ts-node": "^10.9.1",
      "typescript": "^4.9.5"
    },
    "dependencies": {
      "@hapi/hapi": "^21.3.0",
      "@prisma/client": "^4.10.1",
      "axios": "^1.3.3",
      "body-parser": "^1.20.1",
      "chalk": "^5.2.0",
      "cookie-parser": "^1.4.6",
      "cors": "^2.8.5",
      "crypto": "^1.0.1",
      "csurf": "^1.11.0",
      "dotenv": "^16.0.3",
      "express": "^4.18.2",
      "express-reverse": "^0.3.2",
      "got": "^12.5.3",
      "jsonwebtoken": "^9.0.0",
      "mongoose": "^6.9.1",
      "open": "^8.4.1",
      "uuid": "^9.0.0"
    }
  }

yarn manifest: 
  No manifest

Lockfile: 
  No lockfile
